2016-08-16 20:11:20.455  INFO 4312 --- [main] s.m.c.config.MyCourseAppApplication      : Starting MyCourseAppApplication on LAPTOP-Q57K36SK with PID 4312 (C:\Users\sruth\Documents\workspace-sts-3.7.3.RELEASE\MyCourseApp\target\classes started by sruth in C:\Users\sruth\Documents\workspace-sts-3.7.3.RELEASE\MyCourseApp)
2016-08-16 20:11:20.478  INFO 4312 --- [main] s.m.c.config.MyCourseAppApplication      : No active profile set, falling back to default profiles: default
2016-08-16 20:11:20.614  INFO 4312 --- [main] ationConfigEmbeddedWebApplicationContext : Refreshing org.springframework.boot.context.embedded.AnnotationConfigEmbeddedWebApplicationContext@6200f9cb: startup date [Tue Aug 16 20:11:20 CDT 2016]; root of context hierarchy
2016-08-16 20:11:23.723  INFO 4312 --- [main] trationDelegate$BeanPostProcessorChecker : Bean 'org.springframework.transaction.annotation.ProxyTransactionManagementConfiguration' of type [class org.springframework.transaction.annotation.ProxyTransactionManagementConfiguration$$EnhancerBySpringCGLIB$$893c8a40] is not eligible for getting processed by all BeanPostProcessors (for example: not eligible for auto-proxying)
2016-08-16 20:11:24.377  INFO 4312 --- [main] s.b.c.e.t.TomcatEmbeddedServletContainer : Tomcat initialized with port(s): 8080 (http)
2016-08-16 20:11:24.392  INFO 4312 --- [main] o.apache.catalina.core.StandardService   : Starting service Tomcat
2016-08-16 20:11:24.394  INFO 4312 --- [main] org.apache.catalina.core.StandardEngine  : Starting Servlet Engine: Apache Tomcat/8.5.4
2016-08-16 20:11:24.592  INFO 4312 --- [localhost-startStop-1] o.a.c.c.C.[Tomcat].[localhost].[/]       : Initializing Spring embedded WebApplicationContext
2016-08-16 20:11:24.593  INFO 4312 --- [localhost-startStop-1] o.s.web.context.ContextLoader            : Root WebApplicationContext: initialization completed in 3979 ms
2016-08-16 20:11:24.889  INFO 4312 --- [localhost-startStop-1] o.s.b.w.servlet.ServletRegistrationBean  : Mapping servlet: 'dispatcherServlet' to [/]
2016-08-16 20:11:24.896  INFO 4312 --- [localhost-startStop-1] o.s.b.w.servlet.FilterRegistrationBean   : Mapping filter: 'characterEncodingFilter' to: [/*]
2016-08-16 20:11:24.897  INFO 4312 --- [localhost-startStop-1] o.s.b.w.servlet.FilterRegistrationBean   : Mapping filter: 'hiddenHttpMethodFilter' to: [/*]
2016-08-16 20:11:24.898  INFO 4312 --- [localhost-startStop-1] o.s.b.w.servlet.FilterRegistrationBean   : Mapping filter: 'httpPutFormContentFilter' to: [/*]
2016-08-16 20:11:24.899  INFO 4312 --- [localhost-startStop-1] o.s.b.w.servlet.FilterRegistrationBean   : Mapping filter: 'requestContextFilter' to: [/*]
2016-08-16 20:11:25.332  INFO 4312 --- [main] j.LocalContainerEntityManagerFactoryBean : Building JPA container EntityManagerFactory for persistence unit 'default'
2016-08-16 20:11:25.358  INFO 4312 --- [main] o.hibernate.jpa.internal.util.LogHelper  : HHH000204: Processing PersistenceUnitInfo [
	name: default
	...]
2016-08-16 20:11:25.470  INFO 4312 --- [main] org.hibernate.Version                    : HHH000412: Hibernate Core {5.0.9.Final}
2016-08-16 20:11:25.477  INFO 4312 --- [main] org.hibernate.cfg.Environment            : HHH000206: hibernate.properties not found
2016-08-16 20:11:25.480  INFO 4312 --- [main] org.hibernate.cfg.Environment            : HHH000021: Bytecode provider name : javassist
2016-08-16 20:11:25.567  INFO 4312 --- [main] o.hibernate.annotations.common.Version   : HCANN000001: Hibernate Commons Annotations {5.0.1.Final}
2016-08-16 20:11:26.296  INFO 4312 --- [main] org.hibernate.dialect.Dialect            : HHH000400: Using dialect: org.hibernate.dialect.MySQL5Dialect
2016-08-16 20:11:26.581  INFO 4312 --- [main] org.hibernate.tool.hbm2ddl.SchemaUpdate  : HHH000228: Running hbm2ddl schema update
2016-08-16 20:11:26.612  INFO 4312 --- [main] j.LocalContainerEntityManagerFactoryBean : Initialized JPA EntityManagerFactory for persistence unit 'default'
2016-08-16 20:11:27.143  INFO 4312 --- [main] s.w.s.m.m.a.RequestMappingHandlerAdapter : Looking for @ControllerAdvice: org.springframework.boot.context.embedded.AnnotationConfigEmbeddedWebApplicationContext@6200f9cb: startup date [Tue Aug 16 20:11:20 CDT 2016]; root of context hierarchy
2016-08-16 20:11:27.315  INFO 4312 --- [main] s.w.s.m.m.a.RequestMappingHandlerMapping : Mapped "{[/error]}" onto public org.springframework.http.ResponseEntity<java.util.Map<java.lang.String, java.lang.Object>> org.springframework.boot.autoconfigure.web.BasicErrorController.error(javax.servlet.http.HttpServletRequest)
2016-08-16 20:11:27.317  INFO 4312 --- [main] s.w.s.m.m.a.RequestMappingHandlerMapping : Mapped "{[/error],produces=[text/html]}" onto public org.springframework.web.servlet.ModelAndView org.springframework.boot.autoconfigure.web.BasicErrorController.errorHtml(javax.servlet.http.HttpServletRequest,javax.servlet.http.HttpServletResponse)
2016-08-16 20:11:27.356  INFO 4312 --- [main] o.s.w.s.handler.SimpleUrlHandlerMapping  : Mapped URL path [/webjars/**] onto handler of type [class org.springframework.web.servlet.resource.ResourceHttpRequestHandler]
2016-08-16 20:11:27.356  INFO 4312 --- [main] o.s.w.s.handler.SimpleUrlHandlerMapping  : Mapped URL path [/**] onto handler of type [class org.springframework.web.servlet.resource.ResourceHttpRequestHandler]
2016-08-16 20:11:27.504  INFO 4312 --- [main] o.s.w.s.handler.SimpleUrlHandlerMapping  : Mapped URL path [/**/favicon.ico] onto handler of type [class org.springframework.web.servlet.resource.ResourceHttpRequestHandler]
2016-08-16 20:11:27.964  INFO 4312 --- [main] o.s.j.e.a.AnnotationMBeanExporter        : Registering beans for JMX exposure on startup
2016-08-16 20:11:28.157  INFO 4312 --- [main] s.b.c.e.t.TomcatEmbeddedServletContainer : Tomcat started on port(s): 8080 (http)
2016-08-16 20:11:28.157  INFO 4312 --- [main] s.m.c.config.MyCourseAppApplication      : Started MyCourseAppApplication in 8.419 seconds (JVM running for 9.121)
2016-08-16 20:12:47.859  INFO 4312 --- [http-nio-8080-exec-1] o.a.c.c.C.[Tomcat].[localhost].[/]       : Initializing Spring FrameworkServlet 'dispatcherServlet'
2016-08-16 20:12:47.863  INFO 4312 --- [http-nio-8080-exec-1] o.s.web.servlet.DispatcherServlet        : FrameworkServlet 'dispatcherServlet': initialization started
2016-08-16 20:12:47.864  INFO 4312 --- [http-nio-8080-exec-1] o.s.web.servlet.DispatcherServlet        : FrameworkServlet 'dispatcherServlet': initialization completed in 1 ms
